This is pdfTeX, Version 3.1415926-2.4-1.40.13 (TeX Live 2012) (format=pdflatex 2013.7.23)  23 AUG 2013 18:20
entering extended mode
 restricted \write18 enabled.
 %&-line parsing enabled.
**alice-frontpage_analysis_notes.tex
(./alice-frontpage_analysis_notes.tex
LaTeX2e <2011/06/27>
Babel <v3.8m> and hyphenation patterns for english, dumylang, nohyphenation, et
hiopic, arabic, farsi, pinyin, croatian, bulgarian, russian, ukrainian, czech, 
slovak, danish, dutch, ukenglish, usenglishmax, finnish, basque, french, german
-x-2012-05-30, ngerman-x-2012-05-30, german, ngerman, swissgerman, ancientgreek
, ibycus, greek, monogreek, hungarian, assamese, bengali, gujarati, hindi, kann
ada, malayalam, marathi, oriya, panjabi, tamil, telugu, sanskrit, italian, latv
ian, lithuanian, mongolian, mongolianlmc, bokmal, nynorsk, afrikaans, armenian,
 coptic, esperanto, estonian, friulan, icelandic, indonesian, interlingua, iris
h, kurmanji, romanian, romansh, serbianc, serbian, slovenian, turkish, uppersor
bian, welsh, polish, portuguese, catalan, galician, spanish, swedish, loaded.
(./ALICE_internal_notes.cls
Document Style 'cernphprep'. Version <1.06>, <8 July 2010>

LaTeX Warning: You have requested document class `ALICE_internal_notes',
               but the document class provides `cernphprep'.

Document Class: cernphprep 2010/07/08
(/usr/share/texmf-dist/tex/latex/base/article.cls
Document Class: article 2007/10/19 v1.4h Standard LaTeX document class
(/usr/share/texmf-dist/tex/latex/base/size11.clo
File: size11.clo 2007/10/19 v1.4h Standard LaTeX file (size option)
)
\c@part=\count79
\c@section=\count80
\c@subsection=\count81
\c@subsubsection=\count82
\c@paragraph=\count83
\c@subparagraph=\count84
\c@figure=\count85
\c@table=\count86
\abovecaptionskip=\skip41
\belowcaptionskip=\skip42
\bibindent=\dimen102
)
(/usr/share/texmf-dist/tex/latex/psnfss/mathptmx.sty
Package: mathptmx 2005/04/12 PSNFSS-v9.2a Times w/ Math, improved (SPQR, WaS) 
LaTeX Font Info:    Redeclaring symbol font `operators' on input line 28.
LaTeX Font Info:    Overwriting symbol font `operators' in version `normal'
(Font)                  OT1/cmr/m/n --> OT1/ztmcm/m/n on input line 28.
LaTeX Font Info:    Overwriting symbol font `operators' in version `bold'
(Font)                  OT1/cmr/bx/n --> OT1/ztmcm/m/n on input line 28.
LaTeX Font Info:    Redeclaring symbol font `letters' on input line 29.
LaTeX Font Info:    Overwriting symbol font `letters' in version `normal'
(Font)                  OML/cmm/m/it --> OML/ztmcm/m/it on input line 29.
LaTeX Font Info:    Overwriting symbol font `letters' in version `bold'
(Font)                  OML/cmm/b/it --> OML/ztmcm/m/it on input line 29.
LaTeX Font Info:    Redeclaring symbol font `symbols' on input line 30.
LaTeX Font Info:    Overwriting symbol font `symbols' in version `normal'
(Font)                  OMS/cmsy/m/n --> OMS/ztmcm/m/n on input line 30.
LaTeX Font Info:    Overwriting symbol font `symbols' in version `bold'
(Font)                  OMS/cmsy/b/n --> OMS/ztmcm/m/n on input line 30.
LaTeX Font Info:    Redeclaring symbol font `largesymbols' on input line 31.
LaTeX Font Info:    Overwriting symbol font `largesymbols' in version `normal'
(Font)                  OMX/cmex/m/n --> OMX/ztmcm/m/n on input line 31.
LaTeX Font Info:    Overwriting symbol font `largesymbols' in version `bold'
(Font)                  OMX/cmex/m/n --> OMX/ztmcm/m/n on input line 31.
\symbold=\mathgroup4
\symitalic=\mathgroup5
LaTeX Font Info:    Redeclaring math alphabet \mathbf on input line 34.
LaTeX Font Info:    Overwriting math alphabet `\mathbf' in version `normal'
(Font)                  OT1/cmr/bx/n --> OT1/ptm/bx/n on input line 34.
LaTeX Font Info:    Overwriting math alphabet `\mathbf' in version `bold'
(Font)                  OT1/cmr/bx/n --> OT1/ptm/bx/n on input line 34.
LaTeX Font Info:    Redeclaring math alphabet \mathit on input line 35.
LaTeX Font Info:    Overwriting math alphabet `\mathit' in version `normal'
(Font)                  OT1/cmr/m/it --> OT1/ptm/m/it on input line 35.
LaTeX Font Info:    Overwriting math alphabet `\mathit' in version `bold'
(Font)                  OT1/cmr/bx/it --> OT1/ptm/m/it on input line 35.
LaTeX Info: Redefining \hbar on input line 50.
)
(/usr/share/texmf-dist/tex/latex/graphics/graphicx.sty
Package: graphicx 1999/02/16 v1.0f Enhanced LaTeX Graphics (DPC,SPQR)

(/usr/share/texmf-dist/tex/latex/graphics/keyval.sty
Package: keyval 1999/03/16 v1.13 key=value parser (DPC)
\KV@toks@=\toks14
)
(/usr/share/texmf-dist/tex/latex/graphics/graphics.sty
Package: graphics 2009/02/05 v1.0o Standard LaTeX Graphics (DPC,SPQR)

(/usr/share/texmf-dist/tex/latex/graphics/trig.sty
Package: trig 1999/03/16 v1.09 sin cos tan (DPC)
)
(/usr/share/texmf-dist/tex/latex/latexconfig/graphics.cfg
File: graphics.cfg 2010/04/23 v1.9 graphics configuration of TeX Live
)
Package graphics Info: Driver file: pdftex.def on input line 91.

(/usr/share/texmf-dist/tex/latex/pdftex-def/pdftex.def
File: pdftex.def 2011/05/27 v0.06d Graphics/color for pdfTeX

(/usr/share/texmf-dist/tex/generic/oberdiek/infwarerr.sty
Package: infwarerr 2010/04/08 v1.3 Providing info/warning/error messages (HO)
)
(/usr/share/texmf-dist/tex/generic/oberdiek/ltxcmds.sty
Package: ltxcmds 2011/11/09 v1.22 LaTeX kernel commands for general use (HO)
)
\Gread@gobject=\count87
))
\Gin@req@height=\dimen103
\Gin@req@width=\dimen104
)
(/usr/share/texmf-dist/tex/latex/amsmath/amsmath.sty
Package: amsmath 2000/07/18 v2.13 AMS math features
\@mathmargin=\skip43

For additional information on amsmath, use the `?' option.
(/usr/share/texmf-dist/tex/latex/amsmath/amstext.sty
Package: amstext 2000/06/29 v2.01

(/usr/share/texmf-dist/tex/latex/amsmath/amsgen.sty
File: amsgen.sty 1999/11/30 v2.0
\@emptytoks=\toks15
\ex@=\dimen105
))
(/usr/share/texmf-dist/tex/latex/amsmath/amsbsy.sty
Package: amsbsy 1999/11/29 v1.2d
\pmbraise@=\dimen106
)
(/usr/share/texmf-dist/tex/latex/amsmath/amsopn.sty
Package: amsopn 1999/12/14 v2.01 operator names
)
\inf@bad=\count88
LaTeX Info: Redefining \frac on input line 211.
\uproot@=\count89
\leftroot@=\count90
LaTeX Info: Redefining \overline on input line 307.
\classnum@=\count91
\DOTSCASE@=\count92
LaTeX Info: Redefining \ldots on input line 379.
LaTeX Info: Redefining \dots on input line 382.
LaTeX Info: Redefining \cdots on input line 467.
\Mathstrutbox@=\box26
\strutbox@=\box27
\big@size=\dimen107
LaTeX Font Info:    Redeclaring font encoding OML on input line 567.
LaTeX Font Info:    Redeclaring font encoding OMS on input line 568.
\macc@depth=\count93
\c@MaxMatrixCols=\count94
\dotsspace@=\muskip10
\c@parentequation=\count95
\dspbrk@lvl=\count96
\tag@help=\toks16
\row@=\count97
\column@=\count98
\maxfields@=\count99
\andhelp@=\toks17
\eqnshift@=\dimen108
\alignsep@=\dimen109
\tagshift@=\dimen110
\tagwidth@=\dimen111
\totwidth@=\dimen112
\lineht@=\dimen113
\@envbody=\toks18
\multlinegap=\skip44
\multlinetaggap=\skip45
\mathdisplay@stack=\toks19
LaTeX Info: Redefining \[ on input line 2666.
LaTeX Info: Redefining \] on input line 2667.
)
(/usr/share/texmf-dist/tex/latex/amsfonts/amssymb.sty
Package: amssymb 2009/06/22 v3.00

(/usr/share/texmf-dist/tex/latex/amsfonts/amsfonts.sty
Package: amsfonts 2009/06/22 v3.00 Basic AMSFonts support
\symAMSa=\mathgroup6
\symAMSb=\mathgroup7
LaTeX Font Info:    Overwriting math alphabet `\mathfrak' in version `bold'
(Font)                  U/euf/m/n --> U/euf/b/n on input line 96.
))
(/usr/share/texmf-dist/tex/latex/tools/array.sty
Package: array 2008/09/09 v2.4c Tabular extension package (FMi)
\col@sep=\dimen114
\extrarowheight=\dimen115
\NC@list=\toks20
\extratabsurround=\skip46
\backup@length=\skip47
)
(/usr/share/texmf-dist/tex/latex/tools/tabularx.sty
Package: tabularx 1999/01/07 v2.07 `tabularx' package (DPC)
\TX@col@width=\dimen116
\TX@old@table=\dimen117
\TX@old@col=\dimen118
\TX@target=\dimen119
\TX@delta=\dimen120
\TX@cols=\count100
\TX@ftn=\toks21
)
(/usr/share/texmf-dist/tex/latex/url/url.sty
\Urlmuskip=\muskip11
Package: url 2006/04/12  ver 3.3  Verb mode for urls, etc.
)
(/usr/share/texmf-dist/tex/latex/tools/xspace.sty
Package: xspace 2009/10/20 v1.13 Space after command names (DPC,MH)
)
(/usr/share/texmf-dist/tex/latex/subfigure/subfigure.sty
Package: subfigure 2002/03/15 v2.1.5 subfigure package
\subfigtopskip=\skip48
\subfigcapskip=\skip49
\subfigcaptopadj=\dimen121
\subfigbottomskip=\skip50
\subfigcapmargin=\dimen122
\subfiglabelskip=\skip51
\c@subfigure=\count101
\c@lofdepth=\count102
\c@subtable=\count103
\c@lotdepth=\count104

****************************************
* Local config file subfigure.cfg used *
****************************************
(/usr/share/texmf-dist/tex/latex/subfigure/subfigure.cfg)
\subfig@top=\skip52
\subfig@bottom=\skip53
)
(/usr/share/texmf-dist/tex/latex/base/ifthen.sty
Package: ifthen 2001/05/26 v1.1c Standard LaTeX ifthen package (DPC)
)
Document Class "cernphprep" 1.06 (8 July 2010)
\c@instfoot=\count105
(/usr/share/texmf-dist/tex/latex/truncate/truncate.sty
Package: truncate 2001/08/20  ver 3.6
\@Trunc@RestHyph=\toks22
)
(/usr/share/texmf-dist/tex/latex/fancyhdr/fancyhdr.sty
\fancy@headwidth=\skip54
\f@ncyO@elh=\skip55
\f@ncyO@erh=\skip56
\f@ncyO@olh=\skip57
\f@ncyO@orh=\skip58
\f@ncyO@elf=\skip59
\f@ncyO@erf=\skip60
\f@ncyO@olf=\skip61
\f@ncyO@orf=\skip62
))
(/usr/share/texmf-dist/tex/latex/rotating/rotating.sty
Package: rotating 2009/03/28 v2.16a rotated objects in LaTeX
\c@r@tfl@t=\count106
\rotFPtop=\skip63
\rotFPbot=\skip64
\rot@float@box=\box28
\rot@mess@toks=\toks23
) (./lineno.sty
Package: lineno 2005/11/02 line numbers on paragraphs v4.41
\linenopenalty=\count107
\output=\toks24
\linenoprevgraf=\count108
\linenumbersep=\dimen123
\linenumberwidth=\dimen124
\c@linenumber=\count109
\c@pagewiselinenumber=\count110
\c@LN@truepage=\count111
\c@internallinenumber=\count112
\c@internallinenumbers=\count113
\quotelinenumbersep=\dimen125
\bframerule=\dimen126
\bframesep=\dimen127
\bframebox=\box29
LaTeX Info: Redefining \\ on input line 3056.
)
(./alice-frontpage_analysis_notes.aux

LaTeX Warning: Label `dca' multiply defined.

)
\openout1 = `alice-frontpage_analysis_notes.aux'.

LaTeX Font Info:    Checking defaults for OML/cmm/m/it on input line 21.
LaTeX Font Info:    ... okay on input line 21.
LaTeX Font Info:    Checking defaults for T1/cmr/m/n on input line 21.
LaTeX Font Info:    ... okay on input line 21.
LaTeX Font Info:    Checking defaults for OT1/cmr/m/n on input line 21.
LaTeX Font Info:    ... okay on input line 21.
LaTeX Font Info:    Checking defaults for OMS/cmsy/m/n on input line 21.
LaTeX Font Info:    ... okay on input line 21.
LaTeX Font Info:    Checking defaults for OMX/cmex/m/n on input line 21.
LaTeX Font Info:    ... okay on input line 21.
LaTeX Font Info:    Checking defaults for U/cmr/m/n on input line 21.
LaTeX Font Info:    ... okay on input line 21.
LaTeX Font Info:    Try loading font information for OT1+ptm on input line 21.
 (/usr/share/texmf-dist/tex/latex/psnfss/ot1ptm.fd
File: ot1ptm.fd 2001/06/04 font definitions for OT1/ptm.
)
(/usr/share/texmf-dist/tex/context/base/supp-pdf.mkii
[Loading MPS to PDF converter (version 2006.09.02).]
\scratchcounter=\count114
\scratchdimen=\dimen128
\scratchbox=\box30
\nofMPsegments=\count115
\nofMParguments=\count116
\everyMPshowfont=\toks25
\MPscratchCnt=\count117
\MPscratchDim=\dimen129
\MPnumerator=\count118
\makeMPintoPDFobject=\count119
\everyMPtoPDFconversion=\toks26
) (/usr/share/texmf-dist/tex/generic/oberdiek/pdftexcmds.sty
Package: pdftexcmds 2011/11/29 v0.20 Utility functions of pdfTeX for LuaTeX (HO
)

(/usr/share/texmf-dist/tex/generic/oberdiek/ifluatex.sty
Package: ifluatex 2010/03/01 v1.3 Provides the ifluatex switch (HO)
Package ifluatex Info: LuaTeX not detected.
)
(/usr/share/texmf-dist/tex/generic/oberdiek/ifpdf.sty
Package: ifpdf 2011/01/30 v2.3 Provides the ifpdf switch (HO)
Package ifpdf Info: pdfTeX in PDF mode is detected.
)
Package pdftexcmds Info: LuaTeX not detected.
Package pdftexcmds Info: \pdf@primitive is available.
Package pdftexcmds Info: \pdf@ifprimitive is available.
Package pdftexcmds Info: \pdfdraftmode found.
)
(/usr/share/texmf-dist/tex/latex/oberdiek/epstopdf-base.sty
Package: epstopdf-base 2010/02/09 v2.5 Base part for package epstopdf

(/usr/share/texmf-dist/tex/latex/oberdiek/grfext.sty
Package: grfext 2010/08/19 v1.1 Manage graphics extensions (HO)

(/usr/share/texmf-dist/tex/generic/oberdiek/kvdefinekeys.sty
Package: kvdefinekeys 2011/04/07 v1.3 Define keys (HO)
))
(/usr/share/texmf-dist/tex/latex/oberdiek/kvoptions.sty
Package: kvoptions 2011/06/30 v3.11 Key value format for package options (HO)

(/usr/share/texmf-dist/tex/generic/oberdiek/kvsetkeys.sty
Package: kvsetkeys 2012/04/25 v1.16 Key value parser (HO)

(/usr/share/texmf-dist/tex/generic/oberdiek/etexcmds.sty
Package: etexcmds 2011/02/16 v1.5 Avoid name clashes with e-TeX commands (HO)
Package etexcmds Info: Could not find \expanded.
(etexcmds)             That can mean that you are not using pdfTeX 1.50 or
(etexcmds)             that some package has redefined \expanded.
(etexcmds)             In the latter case, load this package earlier.
)))
Package grfext Info: Graphics extension search list:
(grfext)             [.png,.pdf,.jpg,.mps,.jpeg,.jbig2,.jb2,.PNG,.PDF,.JPG,.JPE
G,.JBIG2,.JB2,.eps]
(grfext)             \AppendGraphicsExtensions on input line 452.

(/usr/share/texmf-dist/tex/latex/latexconfig/epstopdf-sys.cfg
File: epstopdf-sys.cfg 2010/07/13 v1.3 Configuration of (r)epstopdf for TeX Liv
e
))
<alicelogo.pdf, id=1, 116.435pt x 142.5325pt>
File: alicelogo.pdf Graphic file (type pdf)
 <use alicelogo.pdf>
Package pdftex.def Info: alicelogo.pdf used on input line 33.
(pdftex.def)             Requested size: 46.48611pt x 56.9055pt.

<cernlogo.pdf, id=2, 427.5975pt x 427.5975pt>
File: cernlogo.pdf Graphic file (type pdf)
 <use cernlogo.pdf>
Package pdftex.def Info: cernlogo.pdf used on input line 33.
(pdftex.def)             Requested size: 56.90106pt x 56.9055pt.
LaTeX Font Info:    Font shape `OT1/ptm/bx/n' in size <14.4> not available
(Font)              Font shape `OT1/ptm/b/n' tried instead on input line 33.
LaTeX Font Info:    Try loading font information for OT1+ztmcm on input line 33
.

(/usr/share/texmf-dist/tex/latex/psnfss/ot1ztmcm.fd
File: ot1ztmcm.fd 2000/01/03 Fontinst v1.801 font definitions for OT1/ztmcm.
)
LaTeX Font Info:    Try loading font information for OML+ztmcm on input line 33
.

(/usr/share/texmf-dist/tex/latex/psnfss/omlztmcm.fd
File: omlztmcm.fd 2000/01/03 Fontinst v1.801 font definitions for OML/ztmcm.
)
LaTeX Font Info:    Try loading font information for OMS+ztmcm on input line 33
.

(/usr/share/texmf-dist/tex/latex/psnfss/omsztmcm.fd
File: omsztmcm.fd 2000/01/03 Fontinst v1.801 font definitions for OMS/ztmcm.
)
LaTeX Font Info:    Try loading font information for OMX+ztmcm on input line 33
.

(/usr/share/texmf-dist/tex/latex/psnfss/omxztmcm.fd
File: omxztmcm.fd 2000/01/03 Fontinst v1.801 font definitions for OMX/ztmcm.
)
LaTeX Font Info:    Font shape `OT1/ptm/bx/n' in size <10.95> not available
(Font)              Font shape `OT1/ptm/b/n' tried instead on input line 33.
LaTeX Font Info:    Font shape `OT1/ptm/bx/n' in size <8> not available
(Font)              Font shape `OT1/ptm/b/n' tried instead on input line 33.
LaTeX Font Info:    Font shape `OT1/ptm/bx/n' in size <6> not available
(Font)              Font shape `OT1/ptm/b/n' tried instead on input line 36.
LaTeX Font Info:    Font shape `OT1/ptm/bx/n' in size <10> not available
(Font)              Font shape `OT1/ptm/b/n' tried instead on input line 44.
LaTeX Font Info:    Font shape `OT1/ptm/bx/n' in size <7.4> not available
(Font)              Font shape `OT1/ptm/b/n' tried instead on input line 45.
 [1


{/var/lib/texmf/fonts/map/pdftex/updmap/pdftex.map} <./alicelogo.pdf> <./cernlo
go.pdf>] [2

]
LaTeX Font Info:    Font shape `OT1/ptm/bx/n' in size <12> not available
(Font)              Font shape `OT1/ptm/b/n' tried instead on input line 49.

(./alice-frontpage_analysis_notes.toc)
\tf@toc=\write3
\openout3 = `alice-frontpage_analysis_notes.toc'.

 (./alice_mynote.tex [1]
LaTeX Font Info:    Font shape `OT1/ptm/bx/it' in size <10.95> not available
(Font)              Font shape `OT1/ptm/b/it' tried instead on input line 11.
 [2]
Overfull \hbox (11.9769pt too wide) in paragraph at lines 26--27
\OT1/ptm/m/n/10.95 We used the HI-JING pro-duc-tion LHC11a10a[]bis (AOD120) and
 AMPT pro-duc-tion LHC12a17a (AOD110). 
 []

[3] <tpctofnsigma.png, id=36, 698.61pt x 475.7775pt>
File: tpctofnsigma.png Graphic file (type png)
 <use tpctofnsigma.png>
Package pdftex.def Info: tpctofnsigma.png used on input line 78.
(pdftex.def)             Requested size: 145.68143pt x 99.21202pt.

<tpcdedx.png, id=37, 698.61pt x 475.7775pt>
File: tpcdedx.png Graphic file (type png)
 <use tpcdedx.png>
Package pdftex.def Info: tpcdedx.png used on input line 79.
(pdftex.def)             Requested size: 145.68143pt x 99.21202pt.

<toftime.png, id=38, 698.61pt x 475.7775pt>
File: toftime.png Graphic file (type png)
 <use toftime.png>
Package pdftex.def Info: toftime.png used on input line 80.
(pdftex.def)             Requested size: 145.68143pt x 99.21202pt.

<monitors.png, id=39, 1601.985pt x 576.1525pt>
File: monitors.png Graphic file (type png)
 <use monitors.png>
Package pdftex.def Info: monitors.png used on input line 180.
(pdftex.def)             Requested size: 409.71689pt x 147.35211pt.

<DCAxyFailProX_PP_tpconly.png, id=40, 698.61pt x 475.7775pt>
File: DCAxyFailProX_PP_tpconly.png Graphic file (type png)

<use DCAxyFailProX_PP_tpconly.png>
Package pdftex.def Info: DCAxyFailProX_PP_tpconly.png used on input line 189.
(pdftex.def)             Requested size: 223.0721pt x 151.91795pt.
Package epstopdf Info: Source file: <2012-Jul-25-DCAxyData.eps>
(epstopdf)                    date: 2013-08-23 11:43:49
(epstopdf)                    size: 47747 bytes
(epstopdf)             Output file: <2012-Jul-25-DCAxyData-eps-converted-to.pdf
>
(epstopdf)                    date: 2013-08-23 11:43:49
(epstopdf)                    size: 62716 bytes
(epstopdf)             Command: <repstopdf --outfile=2012-Jul-25-DCAxyData-eps-
converted-to.pdf 2012-Jul-25-DCAxyData.eps>
(epstopdf)             \includegraphics on input line 190.
Package epstopdf Info: Output file is already uptodate.

<2012-Jul-25-DCAxyData-eps-converted-to.pdf, id=41, 569.12625pt x 357.335pt>
File: 2012-Jul-25-DCAxyData-eps-converted-to.pdf Graphic file (type pdf)

<use 2012-Jul-25-DCAxyData-eps-converted-to.pdf>
Package pdftex.def Info: 2012-Jul-25-DCAxyData-eps-converted-to.pdf used on inp
ut line 190.
(pdftex.def)             Requested size: 223.0721pt x 140.058pt.

<dcaxy.png, id=42, 698.61pt x 475.7775pt>
File: dcaxy.png Graphic file (type png)
 <use dcaxy.png>
Package pdftex.def Info: dcaxy.png used on input line 201.
(pdftex.def)             Requested size: 223.0721pt x 151.91795pt.

<dcaz.png, id=43, 698.61pt x 475.7775pt>
File: dcaz.png Graphic file (type png)
 <use dcaz.png>
Package pdftex.def Info: dcaz.png used on input line 202.
(pdftex.def)             Requested size: 223.0721pt x 151.91795pt.

<DCAxyMC_hijing_PP.png, id=44, 598.235pt x 375.4025pt>
File: DCAxyMC_hijing_PP.png Graphic file (type png)

<use DCAxyMC_hijing_PP.png>
Package pdftex.def Info: DCAxyMC_hijing_PP.png used on input line 230.
(pdftex.def)             Requested size: 223.0721pt x 139.97937pt.

<DCAxyMC_hijing_APAP.png, id=45, 598.235pt x 375.4025pt>
File: DCAxyMC_hijing_APAP.png Graphic file (type png)

<use DCAxyMC_hijing_APAP.png>
Package pdftex.def Info: DCAxyMC_hijing_APAP.png used on input line 231.
(pdftex.def)             Requested size: 223.0721pt x 139.97937pt.

<DCA_MCtemplates_tpconly.png, id=46, 598.235pt x 375.4025pt>
File: DCA_MCtemplates_tpconly.png Graphic file (type png)

<use DCA_MCtemplates_tpconly.png>
Package pdftex.def Info: DCA_MCtemplates_tpconly.png used on input line 238.
(pdftex.def)             Requested size: 223.0721pt x 139.97937pt.
 [4 <./tpctofnsigma.png> <./tpcdedx.png> <./toftime.png>] [5 <./monitors.png> <
./DCAxyFailProX_PP_tpconly.png> <./2012-Jul-25-DCAxyData-eps-converted-to.pdf> 
<./dcaxy.png> <./dcaz.png>]
<dcafitPP.png, id=64, 698.61pt x 475.7775pt>
File: dcafitPP.png Graphic file (type png)
 <use dcafitPP.png>
Package pdftex.def Info: dcafitPP.png used on input line 246.
(pdftex.def)             Requested size: 223.0721pt x 151.91795pt.

<dcafitAPAP.png, id=65, 698.61pt x 475.7775pt>
File: dcafitAPAP.png Graphic file (type png)
 <use dcafitAPAP.png>
Package pdftex.def Info: dcafitAPAP.png used on input line 247.
(pdftex.def)             Requested size: 223.0721pt x 151.91795pt.

<fractions.png, id=66, 698.61pt x 475.7775pt>
File: fractions.png Graphic file (type png)
 <use fractions.png>
Package pdftex.def Info: fractions.png used on input line 255.
(pdftex.def)             Requested size: 405.16695pt x 275.93661pt.

Underfull \vbox (badness 1436) has occurred while \output is active []

 [6 <./DCAxyMC_hijing_PP.png> <./DCAxyMC_hijing_APAP.png> <./DCA_MCtemplates_tp
conly.png> <./dcafitPP.png> <./dcafitAPAP.png>]
<cfpphijing.png, id=70, 921.4425pt x 321.45094pt>
File: cfpphijing.png Graphic file (type png)
 <use cfpphijing.png>
Package pdftex.def Info: cfpphijing.png used on input line 317.
(pdftex.def)             Requested size: 409.71689pt x 142.92995pt.
 [7 <./fractions.png> <./cfpphijing.png>] <papnf.png, id=74, 698.61pt x 475.777
5pt>
File: papnf.png Graphic file (type png)

<use papnf.png>
Package pdftex.def Info: papnf.png used on input line 356.
(pdftex.def)             Requested size: 223.0721pt x 151.91795pt.
 <papnf2.png, id=75, 698.61pt x 475.7775pt>
File: papnf2.png Graphic file (type png)
 <use papnf2.png>
Package pdftex.def Info: papnf2.png used on input line 357.
(pdftex.def)             Requested size: 223.0721pt x 151.91795pt.

<apapnf.png, id=76, 698.61pt x 475.7775pt>
File: apapnf.png Graphic file (type png)
 <use apapnf.png>
Package pdftex.def Info: apapnf.png used on input line 358.
(pdftex.def)             Requested size: 223.0721pt x 151.91795pt.

<apapnf2.png, id=77, 698.61pt x 475.7775pt>
File: apapnf2.png Graphic file (type png)
 <use apapnf2.png>
Package pdftex.def Info: apapnf2.png used on input line 359.
(pdftex.def)             Requested size: 223.0721pt x 151.91795pt.

<papnfampt.png, id=78, 698.61pt x 475.7775pt>
File: papnfampt.png Graphic file (type png)
 <use papnfampt.png>
Package pdftex.def Info: papnfampt.png used on input line 366.
(pdftex.def)             Requested size: 223.0721pt x 151.91795pt.

<papnf2ampt.png, id=79, 698.61pt x 475.7775pt>
File: papnf2ampt.png Graphic file (type png)
 <use papnf2ampt.png>
Package pdftex.def Info: papnf2ampt.png used on input line 367.
(pdftex.def)             Requested size: 223.0721pt x 151.91795pt.

<papnfhijing.png, id=80, 698.61pt x 475.7775pt>
File: papnfhijing.png Graphic file (type png)
 <use papnfhijing.png>
Package pdftex.def Info: papnfhijing.png used on input line 368.
(pdftex.def)             Requested size: 223.0721pt x 151.91795pt.

<papnf2hijing.png, id=81, 698.61pt x 475.7775pt>
File: papnf2hijing.png Graphic file (type png)
 <use papnf2hijing.png>
Package pdftex.def Info: papnf2hijing.png used on input line 369.
(pdftex.def)             Requested size: 223.0721pt x 151.91795pt.

[8 <./papnf.png> <./papnf2.png (PNG copy)> <./apapnf.png (PNG copy)> <./apapnf2
.png (PNG copy)>] [9 <./papnfampt.png (PNG copy)> <./papnf2ampt.png (PNG copy)>
 <./papnfhijing.png (PNG copy)> <./papnf2hijing.png (PNG copy)>]
<pappsi.png, id=88, 741.77126pt x 491.8375pt>
File: pappsi.png Graphic file (type png)
 <use pappsi.png>
Package pdftex.def Info: pappsi.png used on input line 393.
(pdftex.def)             Requested size: 450.69414pt x 298.84218pt.

<pppsi.png, id=89, 738.76pt x 493.845pt>
File: pppsi.png Graphic file (type png)
 <use pppsi.png>
Package pdftex.def Info: pppsi.png used on input line 399.
(pdftex.def)             Requested size: 450.69414pt x 301.27515pt.

<apappsi.png, id=90, 738.76pt x 490.83376pt>
File: apappsi.png Graphic file (type png)
 <use apappsi.png>
Package pdftex.def Info: apappsi.png used on input line 405.
(pdftex.def)             Requested size: 450.69414pt x 299.43811pt.

<cfPAPsemicentral_ptdcattcpsipidkT0c2.png, id=91, 698.61pt x 475.7775pt>
File: cfPAPsemicentral_ptdcattcpsipidkT0c2.png Graphic file (type png)

<use cfPAPsemicentral_ptdcattcpsipidkT0c2.png>
Package pdftex.def Info: cfPAPsemicentral_ptdcattcpsipidkT0c2.png used on input
 line 413.
(pdftex.def)             Requested size: 223.0721pt x 151.91795pt.

<cfPAPsemicentral_ptdcattcpsipidkT0c4.png, id=92, 698.61pt x 475.7775pt>
File: cfPAPsemicentral_ptdcattcpsipidkT0c4.png Graphic file (type png)

<use cfPAPsemicentral_ptdcattcpsipidkT0c4.png>
Package pdftex.def Info: cfPAPsemicentral_ptdcattcpsipidkT0c4.png used on input
 line 414.
(pdftex.def)             Requested size: 223.0721pt x 151.91795pt.

<cfPAPsemicentral_ptdcattcpsipidkT1c2.png, id=93, 698.61pt x 475.7775pt>
File: cfPAPsemicentral_ptdcattcpsipidkT1c2.png Graphic file (type png)

<use cfPAPsemicentral_ptdcattcpsipidkT1c2.png>
Package pdftex.def Info: cfPAPsemicentral_ptdcattcpsipidkT1c2.png used on input
 line 415.
(pdftex.def)             Requested size: 223.0721pt x 151.91795pt.

<cfPAPsemicentral_ptdcattcpsipidkT1c4.png, id=94, 698.61pt x 475.7775pt>
File: cfPAPsemicentral_ptdcattcpsipidkT1c4.png Graphic file (type png)

<use cfPAPsemicentral_ptdcattcpsipidkT1c4.png>
Package pdftex.def Info: cfPAPsemicentral_ptdcattcpsipidkT1c4.png used on input
 line 416.
(pdftex.def)             Requested size: 223.0721pt x 151.91795pt.

<cfPPsemicentral_ptdcattcpsipidkT0c2.png, id=95, 698.61pt x 475.7775pt>
File: cfPPsemicentral_ptdcattcpsipidkT0c2.png Graphic file (type png)

<use cfPPsemicentral_ptdcattcpsipidkT0c2.png>
Package pdftex.def Info: cfPPsemicentral_ptdcattcpsipidkT0c2.png used on input 
line 422.
(pdftex.def)             Requested size: 223.0721pt x 151.91795pt.

<cfPPsemicentral_ptdcattcpsipidkT0c4.png, id=96, 698.61pt x 475.7775pt>
File: cfPPsemicentral_ptdcattcpsipidkT0c4.png Graphic file (type png)

<use cfPPsemicentral_ptdcattcpsipidkT0c4.png>
Package pdftex.def Info: cfPPsemicentral_ptdcattcpsipidkT0c4.png used on input 
line 423.
(pdftex.def)             Requested size: 223.0721pt x 151.91795pt.

<cfPPsemicentral_ptdcattcpsipidkT1c2.png, id=97, 698.61pt x 475.7775pt>
File: cfPPsemicentral_ptdcattcpsipidkT1c2.png Graphic file (type png)

<use cfPPsemicentral_ptdcattcpsipidkT1c2.png>
Package pdftex.def Info: cfPPsemicentral_ptdcattcpsipidkT1c2.png used on input 
line 424.
(pdftex.def)             Requested size: 223.0721pt x 151.91795pt.

<cfPPsemicentral_ptdcattcpsipidkT1c4.png, id=98, 698.61pt x 475.7775pt>
File: cfPPsemicentral_ptdcattcpsipidkT1c4.png Graphic file (type png)

<use cfPPsemicentral_ptdcattcpsipidkT1c4.png>
Package pdftex.def Info: cfPPsemicentral_ptdcattcpsipidkT1c4.png used on input 
line 425.
(pdftex.def)             Requested size: 223.0721pt x 151.91795pt.

<cfAPAPsemicentral_ptdcattcpsipidkT0c2.png, id=99, 698.61pt x 475.7775pt>
File: cfAPAPsemicentral_ptdcattcpsipidkT0c2.png Graphic file (type png)

<use cfAPAPsemicentral_ptdcattcpsipidkT0c2.png>
Package pdftex.def Info: cfAPAPsemicentral_ptdcattcpsipidkT0c2.png used on inpu
t line 431.
(pdftex.def)             Requested size: 223.0721pt x 151.91795pt.

<cfAPAPsemicentral_ptdcattcpsipidkT0c4.png, id=100, 698.61pt x 475.7775pt>
File: cfAPAPsemicentral_ptdcattcpsipidkT0c4.png Graphic file (type png)

<use cfAPAPsemicentral_ptdcattcpsipidkT0c4.png>
Package pdftex.def Info: cfAPAPsemicentral_ptdcattcpsipidkT0c4.png used on inpu
t line 432.
(pdftex.def)             Requested size: 223.0721pt x 151.91795pt.

<cfAPAPsemicentral_ptdcattcpsipidkT1c2.png, id=101, 698.61pt x 475.7775pt>
File: cfAPAPsemicentral_ptdcattcpsipidkT1c2.png Graphic file (type png)

<use cfAPAPsemicentral_ptdcattcpsipidkT1c2.png>
Package pdftex.def Info: cfAPAPsemicentral_ptdcattcpsipidkT1c2.png used on inpu
t line 433.
(pdftex.def)             Requested size: 223.0721pt x 151.91795pt.

<cfAPAPsemicentral_ptdcattcpsipidkT1c4.png, id=102, 698.61pt x 475.7775pt>
File: cfAPAPsemicentral_ptdcattcpsipidkT1c4.png Graphic file (type png)

<use cfAPAPsemicentral_ptdcattcpsipidkT1c4.png>
Package pdftex.def Info: cfAPAPsemicentral_ptdcattcpsipidkT1c4.png used on inpu
t line 434.
(pdftex.def)             Requested size: 223.0721pt x 151.91795pt.
 [10 <./pappsi.png>] [11 <./pppsi.png> <./apappsi.png>] [12 <./cfPAPsemicentral
_ptdcattcpsipidkT0c2.png> <./cfPAPsemicentral_ptdcattcpsipidkT0c4.png> <./cfPAP
semicentral_ptdcattcpsipidkT1c2.png> <./cfPAPsemicentral_ptdcattcpsipidkT1c4.pn
g>] [13 <./cfPPsemicentral_ptdcattcpsipidkT0c2.png> <./cfPPsemicentral_ptdcattc
psipidkT0c4.png> <./cfPPsemicentral_ptdcattcpsipidkT1c2.png> <./cfPPsemicentral
_ptdcattcpsipidkT1c4.png>]
[14 <./cfAPAPsemicentral_ptdcattcpsipidkT0c2.png> <./cfAPAPsemicentral_ptdcattc
psipidkT0c4.png> <./cfAPAPsemicentral_ptdcattcpsipidkT1c2.png> <./cfAPAPsemicen
tral_ptdcattcpsipidkT1c4.png>]
<pap_12psibins_3050_kt1.png, id=119, 698.61pt x 475.7775pt>
File: pap_12psibins_3050_kt1.png Graphic file (type png)

<use pap_12psibins_3050_kt1.png>
Package pdftex.def Info: pap_12psibins_3050_kt1.png used on input line 443.
(pdftex.def)             Requested size: 223.0721pt x 151.91795pt.

<pp_12psibins_3050_kt1.png, id=120, 698.61pt x 475.7775pt>
File: pp_12psibins_3050_kt1.png Graphic file (type png)

<use pp_12psibins_3050_kt1.png>
Package pdftex.def Info: pp_12psibins_3050_kt1.png used on input line 444.
(pdftex.def)             Requested size: 223.0721pt x 151.91795pt.

<cmp_dcatpconly11h_ttc_nottc_cen0/PP.png, id=121, 698.61pt x 473.77pt>
File: cmp_dcatpconly11h_ttc_nottc_cen0/PP.png Graphic file (type png)

<use cmp_dcatpconly11h_ttc_nottc_cen0/PP.png>
Package pdftex.def Info: cmp_dcatpconly11h_ttc_nottc_cen0/PP.png used on input 
line 476.
(pdftex.def)             Requested size: 145.68143pt x 98.79341pt.

<cmp_dcatpconly11h_ttc_nottc_cen2/PP.png, id=122, 698.61pt x 473.77pt>
File: cmp_dcatpconly11h_ttc_nottc_cen2/PP.png Graphic file (type png)

<use cmp_dcatpconly11h_ttc_nottc_cen2/PP.png>
Package pdftex.def Info: cmp_dcatpconly11h_ttc_nottc_cen2/PP.png used on input 
line 477.
(pdftex.def)             Requested size: 145.68143pt x 98.79341pt.

<cmp_dcatpconly11h_ttc_nottc_cen4/PP.png, id=123, 698.61pt x 473.77pt>
File: cmp_dcatpconly11h_ttc_nottc_cen4/PP.png Graphic file (type png)

<use cmp_dcatpconly11h_ttc_nottc_cen4/PP.png>
Package pdftex.def Info: cmp_dcatpconly11h_ttc_nottc_cen4/PP.png used on input 
line 478.
(pdftex.def)             Requested size: 145.68143pt x 98.79341pt.

<cmp_dcatpconly11h_ttc_nottc_cen0/APAP.png, id=124, 698.61pt x 473.77pt>
File: cmp_dcatpconly11h_ttc_nottc_cen0/APAP.png Graphic file (type png)

<use cmp_dcatpconly11h_ttc_nottc_cen0/APAP.png>
Package pdftex.def Info: cmp_dcatpconly11h_ttc_nottc_cen0/APAP.png used on inpu
t line 479.
(pdftex.def)             Requested size: 145.68143pt x 98.79341pt.

<cmp_dcatpconly11h_ttc_nottc_cen2/APAP.png, id=125, 698.61pt x 473.77pt>
File: cmp_dcatpconly11h_ttc_nottc_cen2/APAP.png Graphic file (type png)

<use cmp_dcatpconly11h_ttc_nottc_cen2/APAP.png>
Package pdftex.def Info: cmp_dcatpconly11h_ttc_nottc_cen2/APAP.png used on inpu
t line 480.
(pdftex.def)             Requested size: 145.68143pt x 98.79341pt.

<cmp_dcatpconly11h_ttc_nottc_cen4/APAP.png, id=126, 698.61pt x 473.77pt>
File: cmp_dcatpconly11h_ttc_nottc_cen4/APAP.png Graphic file (type png)

<use cmp_dcatpconly11h_ttc_nottc_cen4/APAP.png>
Package pdftex.def Info: cmp_dcatpconly11h_ttc_nottc_cen4/APAP.png used on inpu
t line 481.
(pdftex.def)             Requested size: 145.68143pt x 98.79341pt.

<cmp_dcatpconly11h_ttc_nottc_cen0/PAP.png, id=127, 698.61pt x 473.77pt>
File: cmp_dcatpconly11h_ttc_nottc_cen0/PAP.png Graphic file (type png)

<use cmp_dcatpconly11h_ttc_nottc_cen0/PAP.png>
Package pdftex.def Info: cmp_dcatpconly11h_ttc_nottc_cen0/PAP.png used on input
 line 482.
(pdftex.def)             Requested size: 145.68143pt x 98.79341pt.

<cmp_dcatpconly11h_ttc_nottc_cen2/PAP.png, id=128, 698.61pt x 473.77pt>
File: cmp_dcatpconly11h_ttc_nottc_cen2/PAP.png Graphic file (type png)

<use cmp_dcatpconly11h_ttc_nottc_cen2/PAP.png>
Package pdftex.def Info: cmp_dcatpconly11h_ttc_nottc_cen2/PAP.png used on input
 line 483.
(pdftex.def)             Requested size: 145.68143pt x 98.79341pt.

<cmp_dcatpconly11h_ttc_nottc_cen4/PAP.png, id=129, 698.61pt x 473.77pt>
File: cmp_dcatpconly11h_ttc_nottc_cen4/PAP.png Graphic file (type png)

<use cmp_dcatpconly11h_ttc_nottc_cen4/PAP.png>
Package pdftex.def Info: cmp_dcatpconly11h_ttc_nottc_cen4/PAP.png used on input
 line 484.
(pdftex.def)             Requested size: 145.68143pt x 98.79341pt.

<cmp_dcatpconly11h_dca24_dca10_cen0/PP.png, id=130, 698.61pt x 473.77pt>
File: cmp_dcatpconly11h_dca24_dca10_cen0/PP.png Graphic file (type png)

<use cmp_dcatpconly11h_dca24_dca10_cen0/PP.png>
Package pdftex.def Info: cmp_dcatpconly11h_dca24_dca10_cen0/PP.png used on inpu
t line 493.
(pdftex.def)             Requested size: 145.68143pt x 98.79341pt.

<cmp_dcatpconly11h_dca24_dca10_cen2/PP.png, id=131, 698.61pt x 473.77pt>
File: cmp_dcatpconly11h_dca24_dca10_cen2/PP.png Graphic file (type png)

<use cmp_dcatpconly11h_dca24_dca10_cen2/PP.png>
Package pdftex.def Info: cmp_dcatpconly11h_dca24_dca10_cen2/PP.png used on inpu
t line 494.
(pdftex.def)             Requested size: 145.68143pt x 98.79341pt.

<cmp_dcatpconly11h_dca24_dca10_cen4/PP.png, id=132, 698.61pt x 473.77pt>
File: cmp_dcatpconly11h_dca24_dca10_cen4/PP.png Graphic file (type png)

<use cmp_dcatpconly11h_dca24_dca10_cen4/PP.png>
Package pdftex.def Info: cmp_dcatpconly11h_dca24_dca10_cen4/PP.png used on inpu
t line 495.
(pdftex.def)             Requested size: 145.68143pt x 98.79341pt.

<cmp_dcatpconly11h_dca24_dca10_cen0/APAP.png, id=133, 698.61pt x 473.77pt>
File: cmp_dcatpconly11h_dca24_dca10_cen0/APAP.png Graphic file (type png)

<use cmp_dcatpconly11h_dca24_dca10_cen0/APAP.png>
Package pdftex.def Info: cmp_dcatpconly11h_dca24_dca10_cen0/APAP.png used on in
put line 496.
(pdftex.def)             Requested size: 145.68143pt x 98.79341pt.

<cmp_dcatpconly11h_dca24_dca10_cen2/APAP.png, id=134, 698.61pt x 473.77pt>
File: cmp_dcatpconly11h_dca24_dca10_cen2/APAP.png Graphic file (type png)

<use cmp_dcatpconly11h_dca24_dca10_cen2/APAP.png>
Package pdftex.def Info: cmp_dcatpconly11h_dca24_dca10_cen2/APAP.png used on in
put line 497.
(pdftex.def)             Requested size: 145.68143pt x 98.79341pt.

<cmp_dcatpconly11h_dca24_dca10_cen4/APAP.png, id=135, 698.61pt x 473.77pt>
File: cmp_dcatpconly11h_dca24_dca10_cen4/APAP.png Graphic file (type png)

<use cmp_dcatpconly11h_dca24_dca10_cen4/APAP.png>
Package pdftex.def Info: cmp_dcatpconly11h_dca24_dca10_cen4/APAP.png used on in
put line 498.
(pdftex.def)             Requested size: 145.68143pt x 98.79341pt.

<cmp_dcatpconly11h_dca24_dca10_cen0/PAP.png, id=136, 698.61pt x 473.77pt>
File: cmp_dcatpconly11h_dca24_dca10_cen0/PAP.png Graphic file (type png)

<use cmp_dcatpconly11h_dca24_dca10_cen0/PAP.png>
Package pdftex.def Info: cmp_dcatpconly11h_dca24_dca10_cen0/PAP.png used on inp
ut line 499.
(pdftex.def)             Requested size: 145.68143pt x 98.79341pt.

<cmp_dcatpconly11h_dca24_dca10_cen2/PAP.png, id=137, 698.61pt x 473.77pt>
File: cmp_dcatpconly11h_dca24_dca10_cen2/PAP.png Graphic file (type png)

<use cmp_dcatpconly11h_dca24_dca10_cen2/PAP.png>
Package pdftex.def Info: cmp_dcatpconly11h_dca24_dca10_cen2/PAP.png used on inp
ut line 500.
(pdftex.def)             Requested size: 145.68143pt x 98.79341pt.

<cmp_dcatpconly11h_dca24_dca10_cen4/PAP.png, id=138, 698.61pt x 473.77pt>
File: cmp_dcatpconly11h_dca24_dca10_cen4/PAP.png Graphic file (type png)

<use cmp_dcatpconly11h_dca24_dca10_cen4/PAP.png>
Package pdftex.def Info: cmp_dcatpconly11h_dca24_dca10_cen4/PAP.png used on inp
ut line 501.
(pdftex.def)             Requested size: 145.68143pt x 98.79341pt.

<cmp_dcatpconly11h_pid_3sig_2sig_cen0/PP.png, id=139, 698.61pt x 473.77pt>
File: cmp_dcatpconly11h_pid_3sig_2sig_cen0/PP.png Graphic file (type png)

<use cmp_dcatpconly11h_pid_3sig_2sig_cen0/PP.png>
Package pdftex.def Info: cmp_dcatpconly11h_pid_3sig_2sig_cen0/PP.png used on in
put line 510.
(pdftex.def)             Requested size: 145.68143pt x 98.79341pt.

<cmp_dcatpconly11h_pid_3sig_2sig_cen2/PP.png, id=140, 698.61pt x 473.77pt>
File: cmp_dcatpconly11h_pid_3sig_2sig_cen2/PP.png Graphic file (type png)

<use cmp_dcatpconly11h_pid_3sig_2sig_cen2/PP.png>
Package pdftex.def Info: cmp_dcatpconly11h_pid_3sig_2sig_cen2/PP.png used on in
put line 511.
(pdftex.def)             Requested size: 145.68143pt x 98.79341pt.

<cmp_dcatpconly11h_pid_3sig_2sig_cen4/PP.png, id=141, 698.61pt x 473.77pt>
File: cmp_dcatpconly11h_pid_3sig_2sig_cen4/PP.png Graphic file (type png)

<use cmp_dcatpconly11h_pid_3sig_2sig_cen4/PP.png>
Package pdftex.def Info: cmp_dcatpconly11h_pid_3sig_2sig_cen4/PP.png used on in
put line 512.
(pdftex.def)             Requested size: 145.68143pt x 98.79341pt.

<cmp_dcatpconly11h_pid_3sig_2sig_cen0/APAP.png, id=142, 698.61pt x 473.77pt>
File: cmp_dcatpconly11h_pid_3sig_2sig_cen0/APAP.png Graphic file (type png)

<use cmp_dcatpconly11h_pid_3sig_2sig_cen0/APAP.png>
Package pdftex.def Info: cmp_dcatpconly11h_pid_3sig_2sig_cen0/APAP.png used on 
input line 513.
(pdftex.def)             Requested size: 145.68143pt x 98.79341pt.

<cmp_dcatpconly11h_pid_3sig_2sig_cen2/APAP.png, id=143, 698.61pt x 473.77pt>
File: cmp_dcatpconly11h_pid_3sig_2sig_cen2/APAP.png Graphic file (type png)

<use cmp_dcatpconly11h_pid_3sig_2sig_cen2/APAP.png>
Package pdftex.def Info: cmp_dcatpconly11h_pid_3sig_2sig_cen2/APAP.png used on 
input line 514.
(pdftex.def)             Requested size: 145.68143pt x 98.79341pt.

<cmp_dcatpconly11h_pid_3sig_2sig_cen4/APAP.png, id=144, 698.61pt x 473.77pt>
File: cmp_dcatpconly11h_pid_3sig_2sig_cen4/APAP.png Graphic file (type png)

<use cmp_dcatpconly11h_pid_3sig_2sig_cen4/APAP.png>
Package pdftex.def Info: cmp_dcatpconly11h_pid_3sig_2sig_cen4/APAP.png used on 
input line 515.
(pdftex.def)             Requested size: 145.68143pt x 98.79341pt.

<cmp_dcatpconly11h_pid_3sig_2sig_cen0/PAP.png, id=145, 698.61pt x 473.77pt>
File: cmp_dcatpconly11h_pid_3sig_2sig_cen0/PAP.png Graphic file (type png)

<use cmp_dcatpconly11h_pid_3sig_2sig_cen0/PAP.png>
Package pdftex.def Info: cmp_dcatpconly11h_pid_3sig_2sig_cen0/PAP.png used on i
nput line 516.
(pdftex.def)             Requested size: 145.68143pt x 98.79341pt.

<cmp_dcatpconly11h_pid_3sig_2sig_cen2/PAP.png, id=146, 698.61pt x 473.77pt>
File: cmp_dcatpconly11h_pid_3sig_2sig_cen2/PAP.png Graphic file (type png)

<use cmp_dcatpconly11h_pid_3sig_2sig_cen2/PAP.png>
Package pdftex.def Info: cmp_dcatpconly11h_pid_3sig_2sig_cen2/PAP.png used on i
nput line 517.
(pdftex.def)             Requested size: 145.68143pt x 98.79341pt.

<cmp_dcatpconly11h_pid_3sig_2sig_cen4/PAP.png, id=147, 698.61pt x 473.77pt>
File: cmp_dcatpconly11h_pid_3sig_2sig_cen4/PAP.png Graphic file (type png)

<use cmp_dcatpconly11h_pid_3sig_2sig_cen4/PAP.png>
Package pdftex.def Info: cmp_dcatpconly11h_pid_3sig_2sig_cen4/PAP.png used on i
nput line 518.
(pdftex.def)             Requested size: 145.68143pt x 98.79341pt.
 [15

 <./pap_12psibins_3050_kt1.png> <./pp_12psibins_3050_kt1.png>] [16 <./cmp_dcatp
conly11h_ttc_nottc_cen0/PP.png> <./cmp_dcatpconly11h_ttc_nottc_cen2/PP.png> <./
cmp_dcatpconly11h_ttc_nottc_cen4/PP.png> <./cmp_dcatpconly11h_ttc_nottc_cen0/AP
AP.png> <./cmp_dcatpconly11h_ttc_nottc_cen2/APAP.png> <./cmp_dcatpconly11h_ttc_
nottc_cen4/APAP.png> <./cmp_dcatpconly11h_ttc_nottc_cen0/PAP.png> <./cmp_dcatpc
only11h_ttc_nottc_cen2/PAP.png> <./cmp_dcatpconly11h_ttc_nottc_cen4/PAP.png>] [
17 <./cmp_dcatpconly11h_dca24_dca10_cen0/PP.png> <./cmp_dcatpconly11h_dca24_dca
10_cen2/PP.png> <./cmp_dcatpconly11h_dca24_dca10_cen4/PP.png> <./cmp_dcatpconly
11h_dca24_dca10_cen0/APAP.png> <./cmp_dcatpconly11h_dca24_dca10_cen2/APAP.png> 
<./cmp_dcatpconly11h_dca24_dca10_cen4/APAP.png> <./cmp_dcatpconly11h_dca24_dca1
0_cen0/PAP.png> <./cmp_dcatpconly11h_dca24_dca10_cen2/PAP.png> <./cmp_dcatpconl
y11h_dca24_dca10_cen4/PAP.png>] [18 <./cmp_dcatpconly11h_pid_3sig_2sig_cen0/PP.
png> <./cmp_dcatpconly11h_pid_3sig_2sig_cen2/PP.png> <./cmp_dcatpconly11h_pid_3
sig_2sig_cen4/PP.png> <./cmp_dcatpconly11h_pid_3sig_2sig_cen0/APAP.png> <./cmp_
dcatpconly11h_pid_3sig_2sig_cen2/APAP.png> <./cmp_dcatpconly11h_pid_3sig_2sig_c
en4/APAP.png> <./cmp_dcatpconly11h_pid_3sig_2sig_cen0/PAP.png> <./cmp_dcatpconl
y11h_pid_3sig_2sig_cen2/PAP.png> <./cmp_dcatpconly11h_pid_3sig_2sig_cen4/PAP.pn
g>]
<cmp_dcatpconly11h_pt0745_pt035_cen0/PP.png, id=161, 698.61pt x 473.77pt>
File: cmp_dcatpconly11h_pt0745_pt035_cen0/PP.png Graphic file (type png)

<use cmp_dcatpconly11h_pt0745_pt035_cen0/PP.png>
Package pdftex.def Info: cmp_dcatpconly11h_pt0745_pt035_cen0/PP.png used on inp
ut line 527.
(pdftex.def)             Requested size: 145.68143pt x 98.79341pt.

<cmp_dcatpconly11h_pt0745_pt035_cen2/PP.png, id=162, 698.61pt x 473.77pt>
File: cmp_dcatpconly11h_pt0745_pt035_cen2/PP.png Graphic file (type png)

<use cmp_dcatpconly11h_pt0745_pt035_cen2/PP.png>
Package pdftex.def Info: cmp_dcatpconly11h_pt0745_pt035_cen2/PP.png used on inp
ut line 528.
(pdftex.def)             Requested size: 145.68143pt x 98.79341pt.

<cmp_dcatpconly11h_pt0745_pt035_cen4/PP.png, id=163, 698.61pt x 473.77pt>
File: cmp_dcatpconly11h_pt0745_pt035_cen4/PP.png Graphic file (type png)

<use cmp_dcatpconly11h_pt0745_pt035_cen4/PP.png>
Package pdftex.def Info: cmp_dcatpconly11h_pt0745_pt035_cen4/PP.png used on inp
ut line 529.
(pdftex.def)             Requested size: 145.68143pt x 98.79341pt.

<cmp_dcatpconly11h_pt0745_pt035_cen0/APAP.png, id=164, 698.61pt x 473.77pt>
File: cmp_dcatpconly11h_pt0745_pt035_cen0/APAP.png Graphic file (type png)

<use cmp_dcatpconly11h_pt0745_pt035_cen0/APAP.png>
Package pdftex.def Info: cmp_dcatpconly11h_pt0745_pt035_cen0/APAP.png used on i
nput line 530.
(pdftex.def)             Requested size: 145.68143pt x 98.79341pt.

<cmp_dcatpconly11h_pt0745_pt035_cen2/APAP.png, id=165, 698.61pt x 473.77pt>
File: cmp_dcatpconly11h_pt0745_pt035_cen2/APAP.png Graphic file (type png)

<use cmp_dcatpconly11h_pt0745_pt035_cen2/APAP.png>
Package pdftex.def Info: cmp_dcatpconly11h_pt0745_pt035_cen2/APAP.png used on i
nput line 531.
(pdftex.def)             Requested size: 145.68143pt x 98.79341pt.

<cmp_dcatpconly11h_pt0745_pt035_cen4/APAP.png, id=166, 698.61pt x 473.77pt>
File: cmp_dcatpconly11h_pt0745_pt035_cen4/APAP.png Graphic file (type png)

<use cmp_dcatpconly11h_pt0745_pt035_cen4/APAP.png>
Package pdftex.def Info: cmp_dcatpconly11h_pt0745_pt035_cen4/APAP.png used on i
nput line 532.
(pdftex.def)             Requested size: 145.68143pt x 98.79341pt.

<cmp_dcatpconly11h_pt0745_pt035_cen0/PAP.png, id=167, 698.61pt x 473.77pt>
File: cmp_dcatpconly11h_pt0745_pt035_cen0/PAP.png Graphic file (type png)

<use cmp_dcatpconly11h_pt0745_pt035_cen0/PAP.png>
Package pdftex.def Info: cmp_dcatpconly11h_pt0745_pt035_cen0/PAP.png used on in
put line 533.
(pdftex.def)             Requested size: 145.68143pt x 98.79341pt.

<cmp_dcatpconly11h_pt0745_pt035_cen2/PAP.png, id=168, 698.61pt x 473.77pt>
File: cmp_dcatpconly11h_pt0745_pt035_cen2/PAP.png Graphic file (type png)

<use cmp_dcatpconly11h_pt0745_pt035_cen2/PAP.png>
Package pdftex.def Info: cmp_dcatpconly11h_pt0745_pt035_cen2/PAP.png used on in
put line 534.
(pdftex.def)             Requested size: 145.68143pt x 98.79341pt.

<cmp_dcatpconly11h_pt0745_pt035_cen4/PAP.png, id=169, 698.61pt x 473.77pt>
File: cmp_dcatpconly11h_pt0745_pt035_cen4/PAP.png Graphic file (type png)

<use cmp_dcatpconly11h_pt0745_pt035_cen4/PAP.png>
Package pdftex.def Info: cmp_dcatpconly11h_pt0745_pt035_cen4/PAP.png used on in
put line 535.
(pdftex.def)             Requested size: 145.68143pt x 98.79341pt.
 [19 <./cmp_dcatpconly11h_pt0745_pt035_cen0/PP.png> <./cmp_dcatpconly11h_pt0745
_pt035_cen2/PP.png> <./cmp_dcatpconly11h_pt0745_pt035_cen4/PP.png> <./cmp_dcatp
conly11h_pt0745_pt035_cen0/APAP.png> <./cmp_dcatpconly11h_pt0745_pt035_cen2/APA
P.png> <./cmp_dcatpconly11h_pt0745_pt035_cen4/APAP.png> <./cmp_dcatpconly11h_pt
0745_pt035_cen0/PAP.png> <./cmp_dcatpconly11h_pt0745_pt035_cen2/PAP.png> <./cmp
_dcatpconly11h_pt0745_pt035_cen4/PAP.png>] <cf_PP_f1_kT2.pdf, id=173, 569.12625
pt x 387.4475pt>
File: cf_PP_f1_kT2.pdf Graphic file (type pdf)

<use cf_PP_f1_kT2.pdf>
Package pdftex.def Info: cf_PP_f1_kT2.pdf used on input line 546.
(pdftex.def)             Requested size: 409.71689pt x 278.93834pt.
 <cf_APAP_f1.pdf, id=174, 569.12625pt x 387.4475pt>
File: cf_APAP_f1.pdf Graphic file (type pdf)

<use cf_APAP_f1.pdf>
Package pdftex.def Info: cf_APAP_f1.pdf used on input line 552.
(pdftex.def)             Requested size: 409.71689pt x 278.93834pt.
 <cf_APAP_f1_kT2.pdf, id=175, 569.12625pt x 387.4475pt>
File: cf_APAP_f1_kT2.pdf Graphic file (type pdf)

<use cf_APAP_f1_kT2.pdf>
Package pdftex.def Info: cf_APAP_f1_kT2.pdf used on input line 558.
(pdftex.def)             Requested size: 409.71689pt x 278.93834pt.
 <cf_PAP_f1.pdf, id=176, 569.12625pt x 387.4475pt>
File: cf_PAP_f1.pdf Graphic file (type pdf)

<use cf_PAP_f1.pdf>
Package pdftex.def Info: cf_PAP_f1.pdf used on input line 564.
(pdftex.def)             Requested size: 409.71689pt x 278.93834pt.
 <cfPPsyst.pdf, id=177, 569.12625pt x 387.4475pt>
File: cfPPsyst.pdf Graphic file (type pdf)

<use cfPPsyst.pdf>
Package pdftex.def Info: cfPPsyst.pdf used on input line 574.
(pdftex.def)             Requested size: 318.66946pt x 216.95137pt.
 <cfAPAPsyst.pdf, id=178, 569.12625pt x 387.4475pt>
File: cfAPAPsyst.pdf Graphic file (type pdf)

<use cfAPAPsyst.pdf>
Package pdftex.def Info: cfAPAPsyst.pdf used on input line 575.
(pdftex.def)             Requested size: 318.66946pt x 216.95137pt.
 <cfPAPsyst.pdf, id=179, 569.12625pt x 387.4475pt>
File: cfPAPsyst.pdf Graphic file (type pdf)

<use cfPAPsyst.pdf>
Package pdftex.def Info: cfPAPsyst.pdf used on input line 576.
(pdftex.def)             Requested size: 318.66946pt x 216.95137pt.


LaTeX Warning: Float too large for page by 7.3529pt on input line 579.

<cfPPsyst2.pdf, id=180, 569.12625pt x 387.4475pt>
File: cfPPsyst2.pdf Graphic file (type pdf)
 <use cfPPsyst2.pdf>
Package pdftex.def Info: cfPPsyst2.pdf used on input line 584.
(pdftex.def)             Requested size: 318.66946pt x 216.95137pt.

<cfAPAPsyst2.pdf, id=181, 569.12625pt x 387.4475pt>
File: cfAPAPsyst2.pdf Graphic file (type pdf)
 <use cfAPAPsyst2.pdf>
Package pdftex.def Info: cfAPAPsyst2.pdf used on input line 585.
(pdftex.def)             Requested size: 318.66946pt x 216.95137pt.

<cfPAPsyst2.pdf, id=182, 569.12625pt x 387.4475pt>
File: cfPAPsyst2.pdf Graphic file (type pdf)
 <use cfPAPsyst2.pdf>
Package pdftex.def Info: cfPAPsyst2.pdf used on input line 586.
(pdftex.def)             Requested size: 318.66946pt x 216.95137pt.


LaTeX Warning: Float too large for page by 7.3529pt on input line 589.

<compareFitCoulomb.png, id=183, 698.61pt x 475.7775pt>
File: compareFitCoulomb.png Graphic file (type png)

<use compareFitCoulomb.png>
Package pdftex.def Info: compareFitCoulomb.png used on input line 596.
(pdftex.def)             Requested size: 386.96024pt x 263.53693pt.

Overfull \hbox (1.13573pt too wide) in paragraph at lines 593--602
[]\OT1/ptm/m/n/10.95 Fitting the cor-re-la-tion func-tions for pro-ton sys-tems
 can be per-formed with the soft-ware pack-age []\OT1/cmtt/m/n/10.95 CorrFit\OT
1/ptm/m/n/10.95 .
 []


Underfull \vbox (badness 10000) has occurred while \output is active []

 [20

 <./cf_PP_f1_kT2.pdf>] [21 <./cf_APAP_f1.pdf> <./cf_APAP_f1_kT2.pdf>]
<Tkplakpp.png, id=217, 698.61pt x 473.77pt>
File: Tkplakpp.png Graphic file (type png)
 <use Tkplakpp.png>
Package pdftex.def Info: Tkplakpp.png used on input line 622.
(pdftex.def)             Requested size: 386.96024pt x 262.42496pt.

<cpla.pdf, id=219, 569.12625pt x 385.44pt>
File: cpla.pdf Graphic file (type pdf)
 <use cpla.pdf>
Package pdftex.def Info: cpla.pdf used on input line 629.
(pdftex.def)             Requested size: 386.96024pt x 262.07808pt.
 [22 <./cf_PAP_f1.pdf>] [23 <./cfPPsyst.pdf> <./cfAPAPsyst.pdf> <./cfPAPsyst.pd
f>] [24 <./cfPPsyst2.pdf> <./cfAPAPsyst2.pdf> <./cfPAPsyst2.pdf>] [25 <./compar
eFitCoulomb.png> <./Tkplakpp.png>] <capla.pdf, id=274, 569.12625pt x 385.44pt>
File: capla.pdf Graphic file (type pdf)
 <use capla.pdf>
Package pdftex.def Info: capla.pdf used on input line 642.
(pdftex.def)             Requested size: 386.96024pt x 262.07808pt.
Package epstopdf Info: Source file: <2012-Jul-25-fitRC_apap_2.eps>
(epstopdf)                    date: 2013-08-23 11:43:49
(epstopdf)                    size: 44149 bytes
(epstopdf)             Output file: <2012-Jul-25-fitRC_apap_2-eps-converted-to.
pdf>
(epstopdf)                    date: 2013-08-23 11:43:49
(epstopdf)                    size: 53804 bytes
(epstopdf)             Command: <repstopdf --outfile=2012-Jul-25-fitRC_apap_2-e
ps-converted-to.pdf 2012-Jul-25-fitRC_apap_2.eps>
(epstopdf)             \includegraphics on input line 652.
Package epstopdf Info: Output file is already uptodate.

<2012-Jul-25-fitRC_apap_2-eps-converted-to.pdf, id=275, 569.12625pt x 385.44pt>
File: 2012-Jul-25-fitRC_apap_2-eps-converted-to.pdf Graphic file (type pdf)
<use 2012-Jul-25-fitRC_apap_2-eps-converted-to.pdf>
Package pdftex.def Info: 2012-Jul-25-fitRC_apap_2-eps-converted-to.pdf used on 
input line 652.
(pdftex.def)             Requested size: 409.71689pt x 277.49306pt.
Package epstopdf Info: Source file: <2012-Jul-25-fitRC_pap_2.eps>
(epstopdf)                    date: 2013-08-23 11:43:49
(epstopdf)                    size: 42859 bytes
(epstopdf)             Output file: <2012-Jul-25-fitRC_pap_2-eps-converted-to.p
df>
(epstopdf)                    date: 2013-08-23 11:43:49
(epstopdf)                    size: 53322 bytes
(epstopdf)             Command: <repstopdf --outfile=2012-Jul-25-fitRC_pap_2-ep
s-converted-to.pdf 2012-Jul-25-fitRC_pap_2.eps>
(epstopdf)             \includegraphics on input line 658.
Package epstopdf Info: Output file is already uptodate.

<2012-Jul-25-fitRC_pap_2-eps-converted-to.pdf, id=276, 569.12625pt x 385.44pt>
File: 2012-Jul-25-fitRC_pap_2-eps-converted-to.pdf Graphic file (type pdf)

<use 2012-Jul-25-fitRC_pap_2-eps-converted-to.pdf>
Package pdftex.def Info: 2012-Jul-25-fitRC_pap_2-eps-converted-to.pdf used on i
nput line 658.
(pdftex.def)             Requested size: 409.71689pt x 277.49306pt.
 [26 <./cpla.pdf>] [27 <./capla.pdf> <./2012-Jul-25-fitRC_apap_2-eps-converted-
to.pdf>]
Package epstopdf Info: Source file: <2012-Jul-26-RinvVsCentralityProtons.eps>
(epstopdf)                    date: 2013-08-23 11:43:49
(epstopdf)                    size: 53313 bytes
(epstopdf)             Output file: <2012-Jul-26-RinvVsCentralityProtons-eps-co
nverted-to.pdf>
(epstopdf)                    date: 2013-08-23 11:43:49
(epstopdf)                    size: 71484 bytes
(epstopdf)             Command: <repstopdf --outfile=2012-Jul-26-RinvVsCentrali
tyProtons-eps-converted-to.pdf 2012-Jul-26-RinvVsCentralityProtons.eps>
(epstopdf)             \includegraphics on input line 689.
Package epstopdf Info: Output file is already uptodate.

<2012-Jul-26-RinvVsCentralityProtons-eps-converted-to.pdf, id=314, 569.12625pt 
x 387.4475pt>
File: 2012-Jul-26-RinvVsCentralityProtons-eps-converted-to.pdf Graphic file (ty
pe pdf)
 <use 2012-Jul-26-RinvVsCentralityProtons-eps-converted-to.pdf>
Package pdftex.def Info: 2012-Jul-26-RinvVsCentralityProtons-eps-converted-to.p
df used on input line 689.
(pdftex.def)             Requested size: 409.71689pt x 278.93834pt.

[28 <./2012-Jul-25-fitRC_pap_2-eps-converted-to.pdf>]
<RinvvsmT2.pdf, id=331, 569.12625pt x 387.4475pt>
File: RinvvsmT2.pdf Graphic file (type pdf)
 <use RinvvsmT2.pdf>
Package pdftex.def Info: RinvvsmT2.pdf used on input line 751.
(pdftex.def)             Requested size: 409.71689pt x 278.93834pt.
Package epstopdf Info: Source file: <2012-Aug-08-RvsmTpiKpcombined.eps>
(epstopdf)                    date: 2013-08-23 11:43:49
(epstopdf)                    size: 51798 bytes
(epstopdf)             Output file: <2012-Aug-08-RvsmTpiKpcombined-eps-converte
d-to.pdf>
(epstopdf)                    date: 2013-08-23 11:43:49
(epstopdf)                    size: 61729 bytes
(epstopdf)             Command: <repstopdf --outfile=2012-Aug-08-RvsmTpiKpcombi
ned-eps-converted-to.pdf 2012-Aug-08-RvsmTpiKpcombined.eps>
(epstopdf)             \includegraphics on input line 759.
Package epstopdf Info: Output file is already uptodate.

<2012-Aug-08-RvsmTpiKpcombined-eps-converted-to.pdf, id=332, 569.12625pt x 387.
4475pt>
File: 2012-Aug-08-RvsmTpiKpcombined-eps-converted-to.pdf Graphic file (type pdf
)
 <use 2012-Aug-08-RvsmTpiKpcombined-eps-converted-to.pdf>
Package pdftex.def Info: 2012-Aug-08-RvsmTpiKpcombined-eps-converted-to.pdf use
d on input line 759.
(pdftex.def)             Requested size: 409.71689pt x 278.93834pt.
 [29 <./2012-Jul-26-RinvVsCentralityProtons-eps-converted-to.pdf>] [30 <./Rinvv
smT2.pdf> <./2012-Aug-08-RvsmTpiKpcombined-eps-converted-to.pdf>]) [31]
(./alice-frontpage_analysis_notes.aux)

LaTeX Warning: There were multiply-defined labels.

 ) 
Here is how much of TeX's memory you used:
 3974 strings out of 493506
 60257 string characters out of 3147769
 112547 words of memory out of 3000000
 7059 multiletter control sequences out of 15000+200000
 57506 words of font info for 127 fonts, out of 3000000 for 9000
 957 hyphenation exceptions out of 8191
 38i,15n,45p,1240b,401s stack positions out of 5000i,500n,10000p,200000b,50000s
{/usr/share/texmf-dist/fonts/enc/dvips/base/8r.enc}</usr/share/texmf-dist/fon
ts/type1/public/amsfonts/cm/cmex10.pfb></usr/share/texmf-dist/fonts/type1/publi
c/amsfonts/cm/cmmi10.pfb></usr/share/texmf-dist/fonts/type1/public/amsfonts/cm/
cmr10.pfb></usr/share/texmf-dist/fonts/type1/public/amsfonts/cm/cmss8.pfb></usr
/share/texmf-dist/fonts/type1/public/amsfonts/cm/cmsy10.pfb></usr/share/texmf-d
ist/fonts/type1/public/amsfonts/cm/cmtt10.pfb></usr/share/texmf-dist/fonts/type
1/urw/symbol/usyr.pfb></usr/share/texmf-dist/fonts/type1/urw/symbol/usyr.pfb></
usr/share/texmf-dist/fonts/type1/urw/times/utmb8a.pfb></usr/share/texmf-dist/fo
nts/type1/urw/times/utmbi8a.pfb></usr/share/texmf-dist/fonts/type1/urw/times/ut
mr8a.pfb></usr/share/texmf-dist/fonts/type1/urw/times/utmri8a.pfb>
Output written on alice-frontpage_analysis_notes.pdf (33 pages, 2332956 bytes).

PDF statistics:
 419 PDF objects out of 1000 (max. 8388607)
 236 compressed objects within 3 object streams
 0 named destinations out of 1000 (max. 500000)
 486 words of extra memory for PDF output out of 10000 (max. 10000000)

